0 info it worked if it ends with ok
1 verbose cli [ 'node',
1 verbose cli   '/usr/local/bin/npm',
1 verbose cli   'install',
1 verbose cli   'https://github.com/mrdoob/three.js.git' ]
2 info using npm@1.4.14
3 info using node@v0.10.29
4 warn package.json DoI@0.0.0 No repository field.
5 warn package.json DoI@0.0.0 No README data
6 warn package.json sys@0.0.1 No repository field.
7 warn package.json sys@0.0.1 No README data
8 verbose readDependencies using package.json deps
9 verbose cache add [ 'https://github.com/mrdoob/three.js.git', null ]
10 verbose cache add name=undefined spec="https://github.com/mrdoob/three.js.git" args=["https://github.com/mrdoob/three.js.git",null]
11 verbose parsed url { protocol: 'https:',
11 verbose parsed url   slashes: true,
11 verbose parsed url   auth: null,
11 verbose parsed url   host: 'github.com',
11 verbose parsed url   port: null,
11 verbose parsed url   hostname: 'github.com',
11 verbose parsed url   hash: null,
11 verbose parsed url   search: null,
11 verbose parsed url   query: null,
11 verbose parsed url   pathname: '/mrdoob/three.js.git',
11 verbose parsed url   path: '/mrdoob/three.js.git',
11 verbose parsed url   href: 'https://github.com/mrdoob/three.js.git' }
12 silly lockFile ed70cb85-s-github-com-mrdoob-three-js-git https://github.com/mrdoob/three.js.git
13 verbose lock https://github.com/mrdoob/three.js.git /Users/dweedon/.npm/ed70cb85-s-github-com-mrdoob-three-js-git.lock
14 verbose addRemoteTarball [ 'https://github.com/mrdoob/three.js.git', null ]
15 info retry fetch attempt 1 at 17:11:33
16 verbose fetch to= /var/folders/1t/f3nlf22d45175_qm0hxg7t7w0000gn/T/npm-15910-rx9ZdCTV/github.com/mrdoob/three.js.git
17 http GET https://github.com/mrdoob/three.js.git
18 http 200 https://github.com/mrdoob/three.js.git
19 verbose tar unpack /var/folders/1t/f3nlf22d45175_qm0hxg7t7w0000gn/T/npm-15910-rx9ZdCTV/github.com/mrdoob/three.js.git
20 silly lockFile b4b2fdc8-b-com-mrdoob-three-js-git-unpack tar:///var/folders/1t/f3nlf22d45175_qm0hxg7t7w0000gn/T/npm-15910-rx9ZdCTV/github.com/mrdoob/three.js.git-unpack
21 verbose lock tar:///var/folders/1t/f3nlf22d45175_qm0hxg7t7w0000gn/T/npm-15910-rx9ZdCTV/github.com/mrdoob/three.js.git-unpack /Users/dweedon/.npm/b4b2fdc8-b-com-mrdoob-three-js-git-unpack.lock
22 silly lockFile 7bf2b401-V-github-com-mrdoob-three-js-git tar:///var/folders/1t/f3nlf22d45175_qm0hxg7t7w0000gn/T/npm-15910-rx9ZdCTV/github.com/mrdoob/three.js.git
23 verbose lock tar:///var/folders/1t/f3nlf22d45175_qm0hxg7t7w0000gn/T/npm-15910-rx9ZdCTV/github.com/mrdoob/three.js.git /Users/dweedon/.npm/7bf2b401-V-github-com-mrdoob-three-js-git.lock
24 silly gunzTarPerm modes [ '755', '644' ]
25 error not a package /var/folders/1t/f3nlf22d45175_qm0hxg7t7w0000gn/T/npm-15910-rx9ZdCTV/github.com/mrdoob/three.js.git
26 silly lockFile b4b2fdc8-b-com-mrdoob-three-js-git-unpack tar:///var/folders/1t/f3nlf22d45175_qm0hxg7t7w0000gn/T/npm-15910-rx9ZdCTV/github.com/mrdoob/three.js.git-unpack
27 silly lockFile b4b2fdc8-b-com-mrdoob-three-js-git-unpack tar:///var/folders/1t/f3nlf22d45175_qm0hxg7t7w0000gn/T/npm-15910-rx9ZdCTV/github.com/mrdoob/three.js.git-unpack
28 silly lockFile 7bf2b401-V-github-com-mrdoob-three-js-git tar:///var/folders/1t/f3nlf22d45175_qm0hxg7t7w0000gn/T/npm-15910-rx9ZdCTV/github.com/mrdoob/three.js.git
29 silly lockFile 7bf2b401-V-github-com-mrdoob-three-js-git tar:///var/folders/1t/f3nlf22d45175_qm0hxg7t7w0000gn/T/npm-15910-rx9ZdCTV/github.com/mrdoob/three.js.git
30 silly lockFile ed70cb85-s-github-com-mrdoob-three-js-git https://github.com/mrdoob/three.js.git
31 silly lockFile ed70cb85-s-github-com-mrdoob-three-js-git https://github.com/mrdoob/three.js.git
32 error Error: ENOENT, open '/var/folders/1t/f3nlf22d45175_qm0hxg7t7w0000gn/T/npm-15910-rx9ZdCTV/github.com/mrdoob/three.js.git-unpack/package.json'
33 error If you need help, you may report this *entire* log,
33 error including the npm and node versions, at:
33 error     <http://github.com/npm/npm/issues>
34 error System Darwin 13.3.0
35 error command "node" "/usr/local/bin/npm" "install" "https://github.com/mrdoob/three.js.git"
36 error cwd /Users/dweedon/Documents/repos/DoI
37 error node -v v0.10.29
38 error npm -v 1.4.14
39 error path /var/folders/1t/f3nlf22d45175_qm0hxg7t7w0000gn/T/npm-15910-rx9ZdCTV/github.com/mrdoob/three.js.git-unpack/package.json
40 error code ENOENT
41 error errno 34
42 verbose exit [ 34, true ]
